06/18/2023 07:13:24 PM INFO:Started execution
06/18/2023 07:13:24 PM INFO:Preparing data...
06/18/2023 07:13:26 PM INFO:Loading model...
06/18/2023 07:14:28 PM INFO:Initializing trainer...
06/18/2023 07:14:28 PM INFO:Starting training...
06/18/2023 07:17:19 PM INFO:Started execution
06/18/2023 07:17:19 PM INFO:Preparing data...
06/18/2023 07:17:19 PM INFO:Loading model...
06/18/2023 07:17:21 PM INFO:Initializing trainer...
06/18/2023 07:17:21 PM INFO:Starting training...
06/18/2023 07:19:00 PM INFO:Started execution
06/18/2023 07:19:00 PM INFO:Preparing data...
06/18/2023 07:19:00 PM INFO:Loading model...
06/18/2023 07:19:02 PM INFO:Initializing trainer...
06/18/2023 07:19:02 PM INFO:Starting training...
06/18/2023 07:19:09 PM INFO:Evaluating model...
06/18/2023 07:19:09 PM INFO:Evaluation results: {'eval_loss': 1.0557537078857422, 'eval_runtime': 0.3048, 'eval_samples_per_second': 65.614, 'eval_steps_per_second': 3.281, 'epoch': 3.0}
06/18/2023 07:19:09 PM INFO:Finished execution
06/18/2023 07:19:34 PM INFO:Started execution
06/18/2023 07:19:34 PM INFO:Preparing data...
06/18/2023 07:19:34 PM INFO:Loading model...
06/18/2023 07:19:35 PM INFO:Initializing trainer...
06/18/2023 07:19:35 PM INFO:Starting training...
06/18/2023 07:19:42 PM INFO:Evaluating model...
06/18/2023 07:19:42 PM INFO:Evaluation results: {'eval_loss': 1.0181998014450073, 'eval_runtime': 0.2998, 'eval_samples_per_second': 66.717, 'eval_steps_per_second': 3.336, 'epoch': 3.0}
06/18/2023 07:19:42 PM INFO:Finished execution
